<?xml version="1.0" encoding="UTF-8"?>
<!-- Generated by org.testng.reporters.JUnitReportReporter -->
<testsuite hostname="BEN-BLR-COM-082" failures="0" tests="1" name="testcases.SimplillearnLoginTest" time="18.147" errors="0" timestamp="2022-09-11T10:49:08 IST" skipped="0">
  <testcase classname="testcases.SimplillearnLoginTest" name="Test3" time="18.147"/>
  <system-out/>
</testsuite> <!-- testcases.SimplillearnLoginTest -->
