<?xml version="1.0" encoding="UTF-8"?>
<!-- Generated by org.testng.reporters.JUnitReportReporter -->
<testsuite hostname="BEN-BLR-COM-082" failures="0" tests="1" name="testcases.HomeTest" time="33.168" errors="0" timestamp="2022-09-17T10:19:58 IST" skipped="0">
  <testcase classname="testcases.HomeTest" name="test1" time="33.168"/>
  <system-out/>
</testsuite> <!-- testcases.HomeTest -->
