<?xml version="1.0" encoding="UTF-8"?>
<!-- Generated by org.testng.reporters.JUnitReportReporter -->
<testsuite skipped="0" hostname="BEN-BLR-COM-082" name="testcases.HomeTest" tests="1" failures="0" timestamp="2022-09-10T13:07:05 IST" time="9.760" errors="0">
  <testcase name="test1" time="9.760" classname="testcases.HomeTest"/>
  <system-out/>
</testsuite> <!-- testcases.HomeTest -->
