<?xml version="1.0" encoding="UTF-8"?>
<!-- Generated by org.testng.reporters.JUnitReportReporter -->
<testsuite skipped="0" hostname="BEN-BLR-COM-082" name="testcases.SimplillearnLoginTest" tests="1" failures="0" timestamp="2022-09-10T13:07:05 IST" time="29.580" errors="0">
  <testcase name="Test1" time="29.580" classname="testcases.SimplillearnLoginTest"/>
  <system-out/>
</testsuite> <!-- testcases.SimplillearnLoginTest -->
