<?xml version="1.0" encoding="UTF-8"?>
<!-- Generated by org.testng.reporters.JUnitReportReporter -->
<testsuite skipped="0" hostname="BEN-BLR-COM-082" name="testcases.SimplillearnLoginTest" tests="2" failures="0" timestamp="2022-09-18T12:07:44 IST" time="53.960" errors="0">
  <testcase name="Test1" time="23.658" classname="testcases.SimplillearnLoginTest"/>
  <system-out/>
  <testcase name="Test3" time="30.302" classname="testcases.SimplillearnLoginTest"/>
  <system-out/>
</testsuite> <!-- testcases.SimplillearnLoginTest -->
